{"/Users/mattdizon/Desktop/Ozone/App.js": {"path":"/Users/mattdizon/Desktop/Ozone/App.js","statementMap":{"0":{"start":{"line":1,"column":42},"end":{"line":1,"column":97}},"1":{"start":{"line":1,"column":98},"end":{"line":1,"column":160}},"2":{"start":{"line":1,"column":160},"end":{"line":1,"column":182}},"3":{"start":{"line":1,"column":195},"end":{"line":1,"column":235}},"4":{"start":{"line":2,"column":19},"end":{"line":2,"column":42}},"5":{"start":{"line":3,"column":19},"end":{"line":3,"column":56}},"6":{"start":{"line":4,"column":18},"end":{"line":4,"column":56}},"7":{"start":{"line":4,"column":76},"end":{"line":4,"column":115}},"8":{"start":{"line":6,"column":2},"end":{"line":8,"column":161}},"9":{"start":{"line":12,"column":13},"end":{"line":17,"column":33}}},"fnMap":{"0":{"name":"App","decl":{"start":{"line":5,"column":9},"end":{"line":5,"column":12}},"loc":{"start":{"line":5,"column":15},"end":{"line":11,"column":1}},"line":5}},"branchMap":{},"s":{"0":1,"1":1,"2":1,"3":1,"4":1,"5":1,"6":1,"7":1,"8":1,"9":1},"f":{"0":1},"b":{},"inputSourceMap":null,"_coverageSchema":"1a1c01bbd47fc00a2c39e90264f33305004495a9","hash":"993d8c46713fb9a15a66af68bfcae7d2c7836784"}
,"/Users/mattdizon/Desktop/Ozone/src/components/SurveyCard.js": {"path":"/Users/mattdizon/Desktop/Ozone/src/components/SurveyCard.js","statementMap":{"0":{"start":{"line":1,"column":42},"end":{"line":1,"column":97}},"1":{"start":{"line":1,"column":98},"end":{"line":1,"column":160}},"2":{"start":{"line":1,"column":160},"end":{"line":1,"column":189}},"3":{"start":{"line":1,"column":202},"end":{"line":1,"column":242}},"4":{"start":{"line":2,"column":24},"end":{"line":2,"column":53}},"5":{"start":{"line":2,"column":73},"end":{"line":2,"column":134}},"6":{"start":{"line":14,"column":12},"end":{"line":14,"column":21}},"7":{"start":{"line":15,"column":13},"end":{"line":15,"column":22}},"8":{"start":{"line":21,"column":2},"end":{"line":21,"column":16}},"9":{"start":{"line":21,"column":31},"end":{"line":21,"column":51}},"10":{"start":{"line":21,"column":75},"end":{"line":21,"column":106}},"11":{"start":{"line":21,"column":127},"end":{"line":21,"column":155}},"12":{"start":{"line":22,"column":2},"end":{"line":37,"column":40}}},"fnMap":{"0":{"name":"SurveyCard","decl":{"start":{"line":12,"column":9},"end":{"line":12,"column":19}},"loc":{"start":{"line":14,"column":0},"end":{"line":42,"column":1}},"line":14}},"branchMap":{},"s":{"0":2,"1":2,"2":2,"3":2,"4":2,"5":2,"6":0,"7":0,"8":0,"9":0,"10":0,"11":0,"12":0},"f":{"0":0},"b":{},"inputSourceMap":null,"_coverageSchema":"1a1c01bbd47fc00a2c39e90264f33305004495a9","hash":"67a63822b92ba1d1b0e42deced0c6e1c1b98784d"}
,"/Users/mattdizon/Desktop/Ozone/src/components/Alert/Alert.js": {"path":"/Users/mattdizon/Desktop/Ozone/src/components/Alert/Alert.js","statementMap":{"0":{"start":{"line":1,"column":42},"end":{"line":1,"column":97}},"1":{"start":{"line":1,"column":98},"end":{"line":1,"column":160}},"2":{"start":{"line":1,"column":160},"end":{"line":1,"column":198}},"3":{"start":{"line":1,"column":211},"end":{"line":1,"column":251}},"4":{"start":{"line":2,"column":19},"end":{"line":2,"column":42}},"5":{"start":{"line":4,"column":27},"end":{"line":11,"column":29}},"6":{"start":{"line":4,"column":76},"end":{"line":4,"column":86}},"7":{"start":{"line":4,"column":87},"end":{"line":11,"column":28}},"8":{"start":{"line":9,"column":47},"end":{"line":9,"column":80}},"9":{"start":{"line":11,"column":30},"end":{"line":11,"column":82}}},"fnMap":{"0":{"name":"createTwoButtonAlert","decl":{"start":{"line":4,"column":36},"end":{"line":4,"column":56}},"loc":{"start":{"line":4,"column":63},"end":{"line":11,"column":29}},"line":4},"1":{"name":"onPress","decl":{"start":{"line":9,"column":36},"end":{"line":9,"column":43}},"loc":{"start":{"line":9,"column":46},"end":{"line":9,"column":81}},"line":9}},"branchMap":{},"s":{"0":1,"1":1,"2":1,"3":1,"4":1,"5":1,"6":0,"7":0,"8":0,"9":1},"f":{"0":0,"1":0},"b":{},"inputSourceMap":null,"_coverageSchema":"1a1c01bbd47fc00a2c39e90264f33305004495a9","hash":"162b6b0053cf34f65f154014be3208e6a766a539"}
,"/Users/mattdizon/Desktop/Ozone/src/navigation/Navigation.js": {"path":"/Users/mattdizon/Desktop/Ozone/src/navigation/Navigation.js","statementMap":{"0":{"start":{"line":1,"column":42},"end":{"line":1,"column":97}},"1":{"start":{"line":1,"column":128},"end":{"line":1,"column":184}},"2":{"start":{"line":1,"column":185},"end":{"line":1,"column":247}},"3":{"start":{"line":1,"column":247},"end":{"line":1,"column":275}},"4":{"start":{"line":1,"column":294},"end":{"line":1,"column":355}},"5":{"start":{"line":1,"column":369},"end":{"line":1,"column":410}},"6":{"start":{"line":2,"column":14},"end":{"line":2,"column":49}},"7":{"start":{"line":3,"column":24},"end":{"line":3,"column":53}},"8":{"start":{"line":4,"column":0},"end":{"line":4,"column":40}},"9":{"start":{"line":5,"column":14},"end":{"line":5,"column":48}},"10":{"start":{"line":6,"column":14},"end":{"line":6,"column":48}},"11":{"start":{"line":7,"column":13},"end":{"line":7,"column":47}},"12":{"start":{"line":8,"column":22},"end":{"line":8,"column":49}},"13":{"start":{"line":9,"column":13},"end":{"line":9,"column":46}},"14":{"start":{"line":10,"column":14},"end":{"line":10,"column":49}},"15":{"start":{"line":11,"column":17},"end":{"line":11,"column":54}},"16":{"start":{"line":12,"column":19},"end":{"line":12,"column":53}},"17":{"start":{"line":12,"column":66},"end":{"line":12,"column":70}},"18":{"start":{"line":12,"column":86},"end":{"line":12,"column":147}},"19":{"start":{"line":13,"column":17},"end":{"line":54,"column":1}},"20":{"start":{"line":15,"column":14},"end":{"line":15,"column":48}},"21":{"start":{"line":16,"column":18},"end":{"line":16,"column":62}},"22":{"start":{"line":18,"column":16},"end":{"line":27,"column":137}},"23":{"start":{"line":18,"column":36},"end":{"line":27,"column":136}},"24":{"start":{"line":18,"column":99},"end":{"line":27,"column":106}},"25":{"start":{"line":18,"column":110},"end":{"line":27,"column":105}},"26":{"start":{"line":18,"column":157},"end":{"line":18,"column":175}},"27":{"start":{"line":18,"column":175},"end":{"line":24,"column":43}},"28":{"start":{"line":27,"column":12},"end":{"line":27,"column":63}},"29":{"start":{"line":27,"column":81},"end":{"line":27,"column":104}},"30":{"start":{"line":29,"column":2},"end":{"line":45,"column":335}},"31":{"start":{"line":44,"column":43},"end":{"line":45,"column":224}},"32":{"start":{"line":45,"column":96},"end":{"line":45,"column":106}},"33":{"start":{"line":54,"column":2},"end":{"line":54,"column":34}}},"fnMap":{"0":{"name":"Navigation","decl":{"start":{"line":13,"column":26},"end":{"line":13,"column":36}},"loc":{"start":{"line":13,"column":39},"end":{"line":54,"column":1}},"line":13},"1":{"name":"signOut","decl":{"start":{"line":18,"column":25},"end":{"line":18,"column":32}},"loc":{"start":{"line":18,"column":35},"end":{"line":27,"column":137}},"line":18},"2":{"name":"signOut$","decl":{"start":{"line":18,"column":79},"end":{"line":18,"column":87}},"loc":{"start":{"line":18,"column":98},"end":{"line":27,"column":107}},"line":18},"3":{"name":"headerLeft","decl":{"start":{"line":44,"column":29},"end":{"line":44,"column":39}},"loc":{"start":{"line":44,"column":42},"end":{"line":45,"column":225}},"line":44},"4":{"name":"onPress","decl":{"start":{"line":45,"column":85},"end":{"line":45,"column":92}},"loc":{"start":{"line":45,"column":95},"end":{"line":45,"column":107}},"line":45}},"branchMap":{"0":{"loc":{"start":{"line":18,"column":110},"end":{"line":27,"column":105}},"type":"switch","locations":[{"start":{"line":18,"column":150},"end":{"line":24,"column":43}},{"start":{"line":24,"column":43},"end":{"line":27,"column":63}},{"start":{"line":27,"column":63},"end":{"line":27,"column":70}},{"start":{"line":27,"column":70},"end":{"line":27,"column":104}}],"line":18}},"s":{"0":1,"1":1,"2":1,"3":1,"4":1,"5":1,"6":1,"7":1,"8":1,"9":1,"10":1,"11":1,"12":1,"13":1,"14":1,"15":1,"16":1,"17":1,"18":1,"19":1,"20":1,"21":1,"22":1,"23":0,"24":0,"25":0,"26":0,"27":0,"28":0,"29":0,"30":1,"31":0,"32":0,"33":1},"f":{"0":1,"1":0,"2":0,"3":0,"4":0},"b":{"0":[0,0,0,0]},"inputSourceMap":null,"_coverageSchema":"1a1c01bbd47fc00a2c39e90264f33305004495a9","hash":"22d1a01557288d3704ae7c749c20be4c6fb1c042"}
,"/Users/mattdizon/Desktop/Ozone/src/navigation/RootNavigation.js": {"path":"/Users/mattdizon/Desktop/Ozone/src/navigation/RootNavigation.js","statementMap":{"0":{"start":{"line":1,"column":43},"end":{"line":1,"column":99}},"1":{"start":{"line":1,"column":100},"end":{"line":1,"column":162}},"2":{"start":{"line":1,"column":162},"end":{"line":1,"column":218}},"3":{"start":{"line":1,"column":232},"end":{"line":1,"column":267}},"4":{"start":{"line":2,"column":13},"end":{"line":2,"column":54}},"5":{"start":{"line":4,"column":20},"end":{"line":4,"column":46}},"6":{"start":{"line":4,"column":47},"end":{"line":4,"column":85}},"7":{"start":{"line":6,"column":21},"end":{"line":11,"column":1}},"8":{"start":{"line":7,"column":2},"end":{"line":9,"column":32}},"9":{"start":{"line":11,"column":2},"end":{"line":11,"column":42}}},"fnMap":{"0":{"name":"RootNavigation","decl":{"start":{"line":6,"column":30},"end":{"line":6,"column":44}},"loc":{"start":{"line":6,"column":51},"end":{"line":11,"column":1}},"line":6}},"branchMap":{"0":{"loc":{"start":{"line":7,"column":2},"end":{"line":9,"column":31}},"type":"cond-expr","locations":[{"start":{"line":7,"column":60},"end":{"line":7,"column":66}},{"start":{"line":7,"column":69},"end":{"line":9,"column":31}}],"line":7}},"s":{"0":1,"1":1,"2":1,"3":1,"4":1,"5":1,"6":1,"7":1,"8":0,"9":1},"f":{"0":0},"b":{"0":[0,0]},"inputSourceMap":null,"_coverageSchema":"1a1c01bbd47fc00a2c39e90264f33305004495a9","hash":"b5c24366cfb37e3e987b913fbe18adc15397418a"}
,"/Users/mattdizon/Desktop/Ozone/src/provider/AppProvider.js": {"path":"/Users/mattdizon/Desktop/Ozone/src/provider/AppProvider.js","statementMap":{"0":{"start":{"line":1,"column":42},"end":{"line":1,"column":97}},"1":{"start":{"line":1,"column":128},"end":{"line":1,"column":184}},"2":{"start":{"line":1,"column":185},"end":{"line":1,"column":247}},"3":{"start":{"line":1,"column":247},"end":{"line":1,"column":291}},"4":{"start":{"line":1,"column":313},"end":{"line":1,"column":384}},"5":{"start":{"line":1,"column":398},"end":{"line":1,"column":439}},"6":{"start":{"line":1,"column":452},"end":{"line":1,"column":456}},"7":{"start":{"line":1,"column":472},"end":{"line":1,"column":532}},"8":{"start":{"line":3,"column":14},"end":{"line":17,"column":40}},"9":{"start":{"line":20,"column":14},"end":{"line":20,"column":48}},"10":{"start":{"line":20,"column":49},"end":{"line":20,"column":75}},"11":{"start":{"line":22,"column":15},"end":{"line":56,"column":1}},"12":{"start":{"line":24,"column":2},"end":{"line":24,"column":26}},"13":{"start":{"line":24,"column":40},"end":{"line":24,"column":82}},"14":{"start":{"line":24,"column":88},"end":{"line":24,"column":101}},"15":{"start":{"line":24,"column":110},"end":{"line":24,"column":123}},"16":{"start":{"line":25,"column":2},"end":{"line":25,"column":24}},"17":{"start":{"line":25,"column":38},"end":{"line":25,"column":81}},"18":{"start":{"line":25,"column":96},"end":{"line":25,"column":109}},"19":{"start":{"line":25,"column":127},"end":{"line":25,"column":140}},"20":{"start":{"line":26,"column":2},"end":{"line":26,"column":24}},"21":{"start":{"line":26,"column":38},"end":{"line":26,"column":81}},"22":{"start":{"line":26,"column":91},"end":{"line":26,"column":104}},"23":{"start":{"line":26,"column":117},"end":{"line":26,"column":130}},"24":{"start":{"line":27,"column":2},"end":{"line":27,"column":24}},"25":{"start":{"line":27,"column":38},"end":{"line":27,"column":81}},"26":{"start":{"line":27,"column":101},"end":{"line":27,"column":114}},"27":{"start":{"line":27,"column":137},"end":{"line":27,"column":150}},"28":{"start":{"line":28,"column":2},"end":{"line":28,"column":24}},"29":{"start":{"line":28,"column":39},"end":{"line":28,"column":82}},"30":{"start":{"line":28,"column":103},"end":{"line":28,"column":117}},"31":{"start":{"line":28,"column":141},"end":{"line":28,"column":155}},"32":{"start":{"line":29,"column":2},"end":{"line":29,"column":24}},"33":{"start":{"line":29,"column":39},"end":{"line":29,"column":83}},"34":{"start":{"line":29,"column":94},"end":{"line":29,"column":108}},"35":{"start":{"line":29,"column":122},"end":{"line":29,"column":136}},"36":{"start":{"line":30,"column":2},"end":{"line":30,"column":24}},"37":{"start":{"line":30,"column":39},"end":{"line":30,"column":83}},"38":{"start":{"line":30,"column":90},"end":{"line":30,"column":104}},"39":{"start":{"line":30,"column":114},"end":{"line":30,"column":128}},"40":{"start":{"line":32,"column":2},"end":{"line":53,"column":21}},"41":{"start":{"line":56,"column":2},"end":{"line":56,"column":30}}},"fnMap":{"0":{"name":"setMe","decl":{"start":{"line":5,"column":18},"end":{"line":5,"column":23}},"loc":{"start":{"line":5,"column":26},"end":{"line":5,"column":28}},"line":5},"1":{"name":"setAccessToken","decl":{"start":{"line":7,"column":27},"end":{"line":7,"column":41}},"loc":{"start":{"line":7,"column":44},"end":{"line":7,"column":46}},"line":7},"2":{"name":"setClient","decl":{"start":{"line":9,"column":22},"end":{"line":9,"column":31}},"loc":{"start":{"line":9,"column":34},"end":{"line":9,"column":36}},"line":9},"3":{"name":"setUid","decl":{"start":{"line":12,"column":19},"end":{"line":12,"column":25}},"loc":{"start":{"line":12,"column":28},"end":{"line":12,"column":30}},"line":12},"4":{"name":"setCompletedSurveys","decl":{"start":{"line":13,"column":32},"end":{"line":13,"column":51}},"loc":{"start":{"line":13,"column":54},"end":{"line":13,"column":56}},"line":13},"5":{"name":"setIncompleteSurveys","decl":{"start":{"line":15,"column":33},"end":{"line":15,"column":53}},"loc":{"start":{"line":15,"column":56},"end":{"line":15,"column":58}},"line":15},"6":{"name":"setCoupons","decl":{"start":{"line":17,"column":23},"end":{"line":17,"column":33}},"loc":{"start":{"line":17,"column":36},"end":{"line":17,"column":38}},"line":17},"7":{"name":"Provider","decl":{"start":{"line":22,"column":24},"end":{"line":22,"column":32}},"loc":{"start":{"line":22,"column":40},"end":{"line":56,"column":1}},"line":22}},"branchMap":{},"s":{"0":3,"1":3,"2":3,"3":3,"4":3,"5":3,"6":3,"7":3,"8":3,"9":3,"10":3,"11":3,"12":1,"13":1,"14":1,"15":1,"16":1,"17":1,"18":1,"19":1,"20":1,"21":1,"22":1,"23":1,"24":1,"25":1,"26":1,"27":1,"28":1,"29":1,"30":1,"31":1,"32":1,"33":1,"34":1,"35":1,"36":1,"37":1,"38":1,"39":1,"40":1,"41":3},"f":{"0":0,"1":0,"2":0,"3":0,"4":0,"5":0,"6":0,"7":1},"b":{},"inputSourceMap":null,"_coverageSchema":"1a1c01bbd47fc00a2c39e90264f33305004495a9","hash":"0a31a26714e2638ec7fe5efadfba769d63851b37"}
,"/Users/mattdizon/Desktop/Ozone/src/screens/styles.js": {"path":"/Users/mattdizon/Desktop/Ozone/src/screens/styles.js","statementMap":{"0":{"start":{"line":1,"column":13},"end":{"line":1,"column":75}},"1":{"start":{"line":1,"column":75},"end":{"line":1,"column":99}},"2":{"start":{"line":1,"column":118},"end":{"line":1,"column":141}},"3":{"start":{"line":2,"column":13},"end":{"line":8,"column":16}},"4":{"start":{"line":8,"column":17},"end":{"line":8,"column":41}}},"fnMap":{},"branchMap":{},"s":{"0":1,"1":1,"2":1,"3":1,"4":1},"f":{},"b":{},"inputSourceMap":null,"_coverageSchema":"1a1c01bbd47fc00a2c39e90264f33305004495a9","hash":"2ddff397d8b63aa8529ea4cc96445545e869a043"}
,"/Users/mattdizon/Desktop/Ozone/src/screens/Deals/Deals.js": {"path":"/Users/mattdizon/Desktop/Ozone/src/screens/Deals/Deals.js","statementMap":{"0":{"start":{"line":1,"column":42},"end":{"line":1,"column":97}},"1":{"start":{"line":1,"column":128},"end":{"line":1,"column":184}},"2":{"start":{"line":1,"column":185},"end":{"line":1,"column":247}},"3":{"start":{"line":1,"column":247},"end":{"line":1,"column":270}},"4":{"start":{"line":1,"column":289},"end":{"line":1,"column":350}},"5":{"start":{"line":1,"column":373},"end":{"line":1,"column":444}},"6":{"start":{"line":1,"column":458},"end":{"line":1,"column":499}},"7":{"start":{"line":2,"column":19},"end":{"line":2,"column":42}},"8":{"start":{"line":3,"column":19},"end":{"line":3,"column":56}},"9":{"start":{"line":4,"column":16},"end":{"line":4,"column":37}},"10":{"start":{"line":5,"column":14},"end":{"line":5,"column":68}},"11":{"start":{"line":6,"column":14},"end":{"line":6,"column":31}},"12":{"start":{"line":6,"column":44},"end":{"line":6,"column":48}},"13":{"start":{"line":6,"column":64},"end":{"line":6,"column":123}},"14":{"start":{"line":8,"column":12},"end":{"line":40,"column":1}},"15":{"start":{"line":9,"column":18},"end":{"line":9,"column":62}},"16":{"start":{"line":10,"column":2},"end":{"line":10,"column":29}},"17":{"start":{"line":10,"column":43},"end":{"line":10,"column":85}},"18":{"start":{"line":10,"column":98},"end":{"line":10,"column":111}},"19":{"start":{"line":10,"column":127},"end":{"line":10,"column":140}},"20":{"start":{"line":12,"column":16},"end":{"line":16,"column":119}},"21":{"start":{"line":12,"column":60},"end":{"line":16,"column":118}},"22":{"start":{"line":12,"column":123},"end":{"line":16,"column":88}},"23":{"start":{"line":12,"column":134},"end":{"line":16,"column":87}},"24":{"start":{"line":13,"column":12},"end":{"line":13,"column":40}},"25":{"start":{"line":13,"column":40},"end":{"line":14,"column":62}},"26":{"start":{"line":14,"column":37},"end":{"line":14,"column":55}},"27":{"start":{"line":14,"column":55},"end":{"line":14,"column":61}},"28":{"start":{"line":14,"column":62},"end":{"line":14,"column":80}},"29":{"start":{"line":14,"column":80},"end":{"line":15,"column":93}},"30":{"start":{"line":15,"column":100},"end":{"line":15,"column":127}},"31":{"start":{"line":16,"column":12},"end":{"line":16,"column":45}},"32":{"start":{"line":16,"column":63},"end":{"line":16,"column":86}},"33":{"start":{"line":20,"column":2},"end":{"line":23,"column":18}},"34":{"start":{"line":21,"column":4},"end":{"line":21,"column":14}},"35":{"start":{"line":22,"column":4},"end":{"line":22,"column":24}},"36":{"start":{"line":25,"column":21},"end":{"line":25,"column":222}},"37":{"start":{"line":25,"column":50},"end":{"line":25,"column":221}},"38":{"start":{"line":27,"column":2},"end":{"line":35,"column":197}},"39":{"start":{"line":35,"column":49},"end":{"line":35,"column":87}},"40":{"start":{"line":40,"column":2},"end":{"line":40,"column":24}}},"fnMap":{"0":{"name":"Deals","decl":{"start":{"line":8,"column":21},"end":{"line":8,"column":26}},"loc":{"start":{"line":8,"column":29},"end":{"line":40,"column":1}},"line":8},"1":{"name":"getData","decl":{"start":{"line":12,"column":25},"end":{"line":12,"column":32}},"loc":{"start":{"line":12,"column":35},"end":{"line":16,"column":119}},"line":12},"2":{"name":"getData$","decl":{"start":{"line":12,"column":103},"end":{"line":12,"column":111}},"loc":{"start":{"line":12,"column":122},"end":{"line":16,"column":89}},"line":12},"3":{"name":"(anonymous_3)","decl":{"start":{"line":20,"column":24},"end":{"line":20,"column":25}},"loc":{"start":{"line":20,"column":36},"end":{"line":23,"column":3}},"line":20},"4":{"name":"renderCoupon","decl":{"start":{"line":25,"column":30},"end":{"line":25,"column":42}},"loc":{"start":{"line":25,"column":49},"end":{"line":25,"column":222}},"line":25},"5":{"name":"keyExtractor","decl":{"start":{"line":35,"column":29},"end":{"line":35,"column":41}},"loc":{"start":{"line":35,"column":48},"end":{"line":35,"column":88}},"line":35}},"branchMap":{"0":{"loc":{"start":{"line":12,"column":134},"end":{"line":16,"column":87}},"type":"switch","locations":[{"start":{"line":12,"column":174},"end":{"line":15,"column":93}},{"start":{"line":15,"column":93},"end":{"line":16,"column":45}},{"start":{"line":16,"column":45},"end":{"line":16,"column":52}},{"start":{"line":16,"column":52},"end":{"line":16,"column":86}}],"line":12},"1":{"loc":{"start":{"line":13,"column":40},"end":{"line":14,"column":62}},"type":"if","locations":[{"start":{"line":13,"column":40},"end":{"line":14,"column":62}},{"start":{"line":13,"column":40},"end":{"line":14,"column":62}}],"line":13},"2":{"loc":{"start":{"line":28,"column":4},"end":{"line":35,"column":195}},"type":"binary-expr","locations":[{"start":{"line":28,"column":4},"end":{"line":28,"column":14}},{"start":{"line":29,"column":4},"end":{"line":35,"column":195}}],"line":28}},"s":{"0":2,"1":2,"2":2,"3":2,"4":2,"5":2,"6":2,"7":2,"8":2,"9":2,"10":2,"11":2,"12":2,"13":2,"14":2,"15":1,"16":1,"17":1,"18":1,"19":1,"20":1,"21":0,"22":0,"23":0,"24":0,"25":0,"26":0,"27":0,"28":0,"29":0,"30":0,"31":0,"32":0,"33":1,"34":0,"35":0,"36":1,"37":0,"38":1,"39":0,"40":2},"f":{"0":1,"1":0,"2":0,"3":0,"4":0,"5":0},"b":{"0":[0,0,0,0],"1":[0,0],"2":[1,1]},"inputSourceMap":null,"_coverageSchema":"1a1c01bbd47fc00a2c39e90264f33305004495a9","hash":"593c2729088d7b06a47cfb7d51300e45e5b47b00"}
,"/Users/mattdizon/Desktop/Ozone/src/screens/Deals/services.js": {"path":"/Users/mattdizon/Desktop/Ozone/src/screens/Deals/services.js","statementMap":{"0":{"start":{"line":1,"column":42},"end":{"line":1,"column":97}},"1":{"start":{"line":1,"column":98},"end":{"line":1,"column":160}},"2":{"start":{"line":1,"column":160},"end":{"line":1,"column":186}},"3":{"start":{"line":1,"column":205},"end":{"line":1,"column":266}},"4":{"start":{"line":1,"column":284},"end":{"line":1,"column":324}},"5":{"start":{"line":2,"column":15},"end":{"line":18,"column":125}},"6":{"start":{"line":2,"column":78},"end":{"line":18,"column":124}},"7":{"start":{"line":2,"column":142},"end":{"line":18,"column":90}},"8":{"start":{"line":2,"column":153},"end":{"line":18,"column":89}},"9":{"start":{"line":2,"column":200},"end":{"line":2,"column":218}},"10":{"start":{"line":2,"column":218},"end":{"line":2,"column":236}},"11":{"start":{"line":2,"column":236},"end":{"line":14,"column":62}},"12":{"start":{"line":14,"column":32},"end":{"line":14,"column":58}},"13":{"start":{"line":15,"column":10},"end":{"line":15,"column":31}},"14":{"start":{"line":15,"column":31},"end":{"line":16,"column":19}},"15":{"start":{"line":16,"column":26},"end":{"line":16,"column":44}},"16":{"start":{"line":16,"column":44},"end":{"line":16,"column":79}},"17":{"start":{"line":18,"column":10},"end":{"line":18,"column":46}},"18":{"start":{"line":18,"column":65},"end":{"line":18,"column":88}},"19":{"start":{"line":18,"column":126},"end":{"line":18,"column":154}}},"fnMap":{"0":{"name":"getDeals","decl":{"start":{"line":2,"column":24},"end":{"line":2,"column":32}},"loc":{"start":{"line":2,"column":59},"end":{"line":18,"column":125}},"line":2},"1":{"name":"getDeals$","decl":{"start":{"line":2,"column":121},"end":{"line":2,"column":130}},"loc":{"start":{"line":2,"column":141},"end":{"line":18,"column":91}},"line":2},"2":{"name":"(anonymous_2)","decl":{"start":{"line":14,"column":15},"end":{"line":14,"column":16}},"loc":{"start":{"line":14,"column":31},"end":{"line":14,"column":59}},"line":14}},"branchMap":{"0":{"loc":{"start":{"line":2,"column":153},"end":{"line":18,"column":89}},"type":"switch","locations":[{"start":{"line":2,"column":193},"end":{"line":14,"column":62}},{"start":{"line":14,"column":62},"end":{"line":16,"column":19}},{"start":{"line":16,"column":19},"end":{"line":18,"column":46}},{"start":{"line":18,"column":46},"end":{"line":18,"column":54}},{"start":{"line":18,"column":54},"end":{"line":18,"column":88}}],"line":2}},"s":{"0":2,"1":2,"2":2,"3":2,"4":2,"5":2,"6":0,"7":0,"8":0,"9":0,"10":0,"11":0,"12":0,"13":0,"14":0,"15":0,"16":0,"17":0,"18":0,"19":2},"f":{"0":0,"1":0,"2":0},"b":{"0":[0,0,0,0,0]},"inputSourceMap":null,"_coverageSchema":"1a1c01bbd47fc00a2c39e90264f33305004495a9","hash":"d2f976fc92df18326ee2ed9d319913495d97ef33"}
,"/Users/mattdizon/Desktop/Ozone/src/screens/Deals/components/Coupon.js": {"path":"/Users/mattdizon/Desktop/Ozone/src/screens/Deals/components/Coupon.js","statementMap":{"0":{"start":{"line":1,"column":42},"end":{"line":1,"column":97}},"1":{"start":{"line":1,"column":98},"end":{"line":1,"column":160}},"2":{"start":{"line":1,"column":160},"end":{"line":1,"column":185}},"3":{"start":{"line":1,"column":198},"end":{"line":1,"column":238}},"4":{"start":{"line":2,"column":24},"end":{"line":2,"column":53}},"5":{"start":{"line":2,"column":73},"end":{"line":2,"column":144}},"6":{"start":{"line":17,"column":12},"end":{"line":17,"column":21}},"7":{"start":{"line":18,"column":13},"end":{"line":18,"column":22}},"8":{"start":{"line":25,"column":2},"end":{"line":25,"column":23}},"9":{"start":{"line":25,"column":38},"end":{"line":25,"column":58}},"10":{"start":{"line":25,"column":66},"end":{"line":25,"column":79}},"11":{"start":{"line":25,"column":87},"end":{"line":25,"column":104}},"12":{"start":{"line":25,"column":113},"end":{"line":25,"column":132}},"13":{"start":{"line":26,"column":2},"end":{"line":41,"column":20}}},"fnMap":{"0":{"name":"Coupon","decl":{"start":{"line":15,"column":9},"end":{"line":15,"column":15}},"loc":{"start":{"line":17,"column":0},"end":{"line":46,"column":1}},"line":17}},"branchMap":{},"s":{"0":2,"1":2,"2":2,"3":2,"4":2,"5":2,"6":0,"7":0,"8":0,"9":0,"10":0,"11":0,"12":0,"13":0},"f":{"0":0},"b":{},"inputSourceMap":null,"_coverageSchema":"1a1c01bbd47fc00a2c39e90264f33305004495a9","hash":"dd86151a2dbf0c3ffc5fdd00c7e80f20c695e879"}
,"/Users/mattdizon/Desktop/Ozone/src/screens/Earn/Surveys.js": {"path":"/Users/mattdizon/Desktop/Ozone/src/screens/Earn/Surveys.js","statementMap":{"0":{"start":{"line":1,"column":42},"end":{"line":1,"column":97}},"1":{"start":{"line":1,"column":128},"end":{"line":1,"column":184}},"2":{"start":{"line":1,"column":185},"end":{"line":1,"column":247}},"3":{"start":{"line":1,"column":247},"end":{"line":1,"column":272}},"4":{"start":{"line":1,"column":291},"end":{"line":1,"column":352}},"5":{"start":{"line":1,"column":375},"end":{"line":1,"column":446}},"6":{"start":{"line":1,"column":460},"end":{"line":1,"column":501}},"7":{"start":{"line":2,"column":19},"end":{"line":2,"column":42}},"8":{"start":{"line":3,"column":18},"end":{"line":3,"column":80}},"9":{"start":{"line":4,"column":19},"end":{"line":4,"column":56}},"10":{"start":{"line":5,"column":16},"end":{"line":5,"column":37}},"11":{"start":{"line":6,"column":14},"end":{"line":6,"column":31}},"12":{"start":{"line":6,"column":44},"end":{"line":6,"column":48}},"13":{"start":{"line":6,"column":64},"end":{"line":6,"column":124}},"14":{"start":{"line":7,"column":14},"end":{"line":41,"column":1}},"15":{"start":{"line":8,"column":18},"end":{"line":8,"column":62}},"16":{"start":{"line":9,"column":2},"end":{"line":9,"column":29}},"17":{"start":{"line":9,"column":43},"end":{"line":9,"column":85}},"18":{"start":{"line":9,"column":98},"end":{"line":9,"column":111}},"19":{"start":{"line":9,"column":127},"end":{"line":9,"column":140}},"20":{"start":{"line":12,"column":16},"end":{"line":18,"column":144}},"21":{"start":{"line":12,"column":86},"end":{"line":18,"column":143}},"22":{"start":{"line":12,"column":149},"end":{"line":18,"column":113}},"23":{"start":{"line":12,"column":160},"end":{"line":18,"column":112}},"24":{"start":{"line":13,"column":12},"end":{"line":13,"column":58}},"25":{"start":{"line":14,"column":12},"end":{"line":14,"column":61}},"26":{"start":{"line":14,"column":61},"end":{"line":15,"column":107}},"27":{"start":{"line":15,"column":82},"end":{"line":15,"column":100}},"28":{"start":{"line":15,"column":100},"end":{"line":15,"column":106}},"29":{"start":{"line":15,"column":107},"end":{"line":15,"column":125}},"30":{"start":{"line":15,"column":125},"end":{"line":16,"column":95}},"31":{"start":{"line":16,"column":102},"end":{"line":16,"column":126}},"32":{"start":{"line":17,"column":12},"end":{"line":17,"column":68}},"33":{"start":{"line":18,"column":12},"end":{"line":18,"column":70}},"34":{"start":{"line":18,"column":88},"end":{"line":18,"column":111}},"35":{"start":{"line":22,"column":2},"end":{"line":25,"column":18}},"36":{"start":{"line":23,"column":4},"end":{"line":23,"column":14}},"37":{"start":{"line":24,"column":4},"end":{"line":24,"column":24}},"38":{"start":{"line":27,"column":25},"end":{"line":27,"column":234}},"39":{"start":{"line":27,"column":58},"end":{"line":27,"column":233}},"40":{"start":{"line":29,"column":2},"end":{"line":36,"column":197}},"41":{"start":{"line":36,"column":49},"end":{"line":36,"column":87}},"42":{"start":{"line":41,"column":2},"end":{"line":41,"column":28}}},"fnMap":{"0":{"name":"Surveys","decl":{"start":{"line":7,"column":23},"end":{"line":7,"column":30}},"loc":{"start":{"line":7,"column":33},"end":{"line":41,"column":1}},"line":7},"1":{"name":"getData","decl":{"start":{"line":12,"column":25},"end":{"line":12,"column":32}},"loc":{"start":{"line":12,"column":35},"end":{"line":18,"column":144}},"line":12},"2":{"name":"getData$","decl":{"start":{"line":12,"column":129},"end":{"line":12,"column":137}},"loc":{"start":{"line":12,"column":148},"end":{"line":18,"column":114}},"line":12},"3":{"name":"(anonymous_3)","decl":{"start":{"line":22,"column":24},"end":{"line":22,"column":25}},"loc":{"start":{"line":22,"column":36},"end":{"line":25,"column":3}},"line":22},"4":{"name":"renderSurveyCard","decl":{"start":{"line":27,"column":34},"end":{"line":27,"column":50}},"loc":{"start":{"line":27,"column":57},"end":{"line":27,"column":234}},"line":27},"5":{"name":"keyExtractor","decl":{"start":{"line":36,"column":29},"end":{"line":36,"column":41}},"loc":{"start":{"line":36,"column":48},"end":{"line":36,"column":88}},"line":36}},"branchMap":{"0":{"loc":{"start":{"line":12,"column":160},"end":{"line":18,"column":112}},"type":"switch","locations":[{"start":{"line":12,"column":200},"end":{"line":16,"column":95}},{"start":{"line":16,"column":95},"end":{"line":18,"column":70}},{"start":{"line":18,"column":70},"end":{"line":18,"column":77}},{"start":{"line":18,"column":77},"end":{"line":18,"column":111}}],"line":12},"1":{"loc":{"start":{"line":14,"column":61},"end":{"line":15,"column":107}},"type":"if","locations":[{"start":{"line":14,"column":61},"end":{"line":15,"column":107}},{"start":{"line":14,"column":61},"end":{"line":15,"column":107}}],"line":14},"2":{"loc":{"start":{"line":15,"column":12},"end":{"line":15,"column":78}},"type":"binary-expr","locations":[{"start":{"line":15,"column":12},"end":{"line":15,"column":42}},{"start":{"line":15,"column":46},"end":{"line":15,"column":78}}],"line":15}},"s":{"0":2,"1":2,"2":2,"3":2,"4":2,"5":2,"6":2,"7":2,"8":2,"9":2,"10":2,"11":2,"12":2,"13":2,"14":2,"15":1,"16":1,"17":1,"18":1,"19":1,"20":1,"21":0,"22":0,"23":0,"24":0,"25":0,"26":0,"27":0,"28":0,"29":0,"30":0,"31":0,"32":0,"33":0,"34":0,"35":1,"36":0,"37":0,"38":1,"39":0,"40":1,"41":0,"42":2},"f":{"0":1,"1":0,"2":0,"3":0,"4":0,"5":0},"b":{"0":[0,0,0,0],"1":[0,0],"2":[0,0]},"inputSourceMap":null,"_coverageSchema":"1a1c01bbd47fc00a2c39e90264f33305004495a9","hash":"5ec09bb345a3076e2a3a33efb7c5a851065ccd7a"}
,"/Users/mattdizon/Desktop/Ozone/src/screens/Earn/services.js": {"path":"/Users/mattdizon/Desktop/Ozone/src/screens/Earn/services.js","statementMap":{"0":{"start":{"line":1,"column":42},"end":{"line":1,"column":97}},"1":{"start":{"line":1,"column":98},"end":{"line":1,"column":160}},"2":{"start":{"line":1,"column":160},"end":{"line":1,"column":188}},"3":{"start":{"line":1,"column":207},"end":{"line":1,"column":268}},"4":{"start":{"line":1,"column":282},"end":{"line":1,"column":322}},"5":{"start":{"line":2,"column":17},"end":{"line":2,"column":57}},"6":{"start":{"line":3,"column":17},"end":{"line":23,"column":125}},"7":{"start":{"line":3,"column":110},"end":{"line":23,"column":124}},"8":{"start":{"line":3,"column":176},"end":{"line":23,"column":90}},"9":{"start":{"line":3,"column":187},"end":{"line":23,"column":89}},"10":{"start":{"line":3,"column":234},"end":{"line":3,"column":252}},"11":{"start":{"line":3,"column":252},"end":{"line":3,"column":270}},"12":{"start":{"line":3,"column":270},"end":{"line":15,"column":62}},"13":{"start":{"line":15,"column":32},"end":{"line":15,"column":58}},"14":{"start":{"line":16,"column":10},"end":{"line":16,"column":61}},"15":{"start":{"line":17,"column":10},"end":{"line":17,"column":63}},"16":{"start":{"line":17,"column":63},"end":{"line":20,"column":52}},"17":{"start":{"line":20,"column":59},"end":{"line":20,"column":77}},"18":{"start":{"line":20,"column":77},"end":{"line":20,"column":112}},"19":{"start":{"line":23,"column":10},"end":{"line":23,"column":46}},"20":{"start":{"line":23,"column":65},"end":{"line":23,"column":88}},"21":{"start":{"line":23,"column":126},"end":{"line":23,"column":158}}},"fnMap":{"0":{"name":"getSurveys","decl":{"start":{"line":3,"column":26},"end":{"line":3,"column":36}},"loc":{"start":{"line":3,"column":63},"end":{"line":23,"column":125}},"line":3},"1":{"name":"getSurveys$","decl":{"start":{"line":3,"column":153},"end":{"line":3,"column":164}},"loc":{"start":{"line":3,"column":175},"end":{"line":23,"column":91}},"line":3},"2":{"name":"(anonymous_2)","decl":{"start":{"line":15,"column":15},"end":{"line":15,"column":16}},"loc":{"start":{"line":15,"column":31},"end":{"line":15,"column":59}},"line":15}},"branchMap":{"0":{"loc":{"start":{"line":3,"column":187},"end":{"line":23,"column":89}},"type":"switch","locations":[{"start":{"line":3,"column":227},"end":{"line":15,"column":62}},{"start":{"line":15,"column":62},"end":{"line":20,"column":52}},{"start":{"line":20,"column":52},"end":{"line":23,"column":46}},{"start":{"line":23,"column":46},"end":{"line":23,"column":54}},{"start":{"line":23,"column":54},"end":{"line":23,"column":88}}],"line":3}},"s":{"0":2,"1":2,"2":2,"3":2,"4":2,"5":2,"6":2,"7":0,"8":0,"9":0,"10":0,"11":0,"12":0,"13":0,"14":0,"15":0,"16":0,"17":0,"18":0,"19":0,"20":0,"21":2},"f":{"0":0,"1":0,"2":0},"b":{"0":[0,0,0,0,0]},"inputSourceMap":null,"_coverageSchema":"1a1c01bbd47fc00a2c39e90264f33305004495a9","hash":"d825dbb9d44ed564599b1fd36b7afba14ae30412"}
,"/Users/mattdizon/Desktop/Ozone/src/screens/Login/Login.js": {"path":"/Users/mattdizon/Desktop/Ozone/src/screens/Login/Login.js","statementMap":{"0":{"start":{"line":1,"column":42},"end":{"line":1,"column":97}},"1":{"start":{"line":1,"column":128},"end":{"line":1,"column":184}},"2":{"start":{"line":1,"column":185},"end":{"line":1,"column":247}},"3":{"start":{"line":1,"column":247},"end":{"line":1,"column":270}},"4":{"start":{"line":1,"column":289},"end":{"line":1,"column":350}},"5":{"start":{"line":1,"column":373},"end":{"line":1,"column":444}},"6":{"start":{"line":1,"column":458},"end":{"line":1,"column":499}},"7":{"start":{"line":2,"column":19},"end":{"line":2,"column":42}},"8":{"start":{"line":3,"column":24},"end":{"line":3,"column":53}},"9":{"start":{"line":4,"column":14},"end":{"line":4,"column":34}},"10":{"start":{"line":5,"column":15},"end":{"line":5,"column":34}},"11":{"start":{"line":6,"column":15},"end":{"line":6,"column":35}},"12":{"start":{"line":7,"column":14},"end":{"line":7,"column":49}},"13":{"start":{"line":8,"column":19},"end":{"line":8,"column":56}},"14":{"start":{"line":9,"column":14},"end":{"line":9,"column":51}},"15":{"start":{"line":9,"column":64},"end":{"line":9,"column":68}},"16":{"start":{"line":9,"column":84},"end":{"line":9,"column":143}},"17":{"start":{"line":11,"column":12},"end":{"line":62,"column":1}},"18":{"start":{"line":13,"column":2},"end":{"line":13,"column":26}},"19":{"start":{"line":13,"column":40},"end":{"line":13,"column":82}},"20":{"start":{"line":13,"column":91},"end":{"line":13,"column":104}},"21":{"start":{"line":13,"column":116},"end":{"line":13,"column":129}},"22":{"start":{"line":14,"column":2},"end":{"line":14,"column":26}},"23":{"start":{"line":14,"column":40},"end":{"line":14,"column":83}},"24":{"start":{"line":14,"column":95},"end":{"line":14,"column":108}},"25":{"start":{"line":14,"column":123},"end":{"line":14,"column":136}},"26":{"start":{"line":15,"column":19},"end":{"line":15,"column":47}},"27":{"start":{"line":16,"column":18},"end":{"line":16,"column":62}},"28":{"start":{"line":18,"column":15},"end":{"line":28,"column":126}},"29":{"start":{"line":18,"column":64},"end":{"line":28,"column":125}},"30":{"start":{"line":18,"column":126},"end":{"line":28,"column":95}},"31":{"start":{"line":18,"column":137},"end":{"line":28,"column":94}},"32":{"start":{"line":18,"column":184},"end":{"line":18,"column":202}},"33":{"start":{"line":18,"column":202},"end":{"line":19,"column":57}},"34":{"start":{"line":19,"column":64},"end":{"line":19,"column":91}},"35":{"start":{"line":21,"column":12},"end":{"line":21,"column":61}},"36":{"start":{"line":22,"column":12},"end":{"line":22,"column":51}},"37":{"start":{"line":23,"column":12},"end":{"line":23,"column":43}},"38":{"start":{"line":24,"column":12},"end":{"line":24,"column":48}},"39":{"start":{"line":26,"column":12},"end":{"line":28,"column":52}},"40":{"start":{"line":28,"column":70},"end":{"line":28,"column":93}},"41":{"start":{"line":31,"column":2},"end":{"line":55,"column":163}},"42":{"start":{"line":37,"column":50},"end":{"line":37,"column":73}},"43":{"start":{"line":43,"column":53},"end":{"line":43,"column":82}},"44":{"start":{"line":48,"column":35},"end":{"line":48,"column":78}},"45":{"start":{"line":53,"column":8},"end":{"line":53,"column":32}},"46":{"start":{"line":62,"column":2},"end":{"line":62,"column":24}}},"fnMap":{"0":{"name":"Login","decl":{"start":{"line":11,"column":21},"end":{"line":11,"column":26}},"loc":{"start":{"line":11,"column":29},"end":{"line":62,"column":1}},"line":11},"1":{"name":"signIn","decl":{"start":{"line":18,"column":24},"end":{"line":18,"column":30}},"loc":{"start":{"line":18,"column":48},"end":{"line":28,"column":126}},"line":18},"2":{"name":"signIn$","decl":{"start":{"line":18,"column":107},"end":{"line":18,"column":114}},"loc":{"start":{"line":18,"column":125},"end":{"line":28,"column":96}},"line":18},"3":{"name":"onChangeText","decl":{"start":{"line":37,"column":29},"end":{"line":37,"column":41}},"loc":{"start":{"line":37,"column":49},"end":{"line":37,"column":74}},"line":37},"4":{"name":"onChangeText","decl":{"start":{"line":43,"column":29},"end":{"line":43,"column":41}},"loc":{"start":{"line":43,"column":52},"end":{"line":43,"column":83}},"line":43},"5":{"name":"onPress","decl":{"start":{"line":48,"column":24},"end":{"line":48,"column":31}},"loc":{"start":{"line":48,"column":34},"end":{"line":48,"column":79}},"line":48},"6":{"name":"onPress","decl":{"start":{"line":52,"column":24},"end":{"line":52,"column":31}},"loc":{"start":{"line":52,"column":34},"end":{"line":54,"column":7}},"line":52}},"branchMap":{"0":{"loc":{"start":{"line":18,"column":137},"end":{"line":28,"column":94}},"type":"switch","locations":[{"start":{"line":18,"column":177},"end":{"line":19,"column":57}},{"start":{"line":19,"column":57},"end":{"line":28,"column":52}},{"start":{"line":28,"column":52},"end":{"line":28,"column":59}},{"start":{"line":28,"column":59},"end":{"line":28,"column":93}}],"line":18}},"s":{"0":1,"1":1,"2":1,"3":1,"4":1,"5":1,"6":1,"7":1,"8":1,"9":1,"10":1,"11":1,"12":1,"13":1,"14":1,"15":1,"16":1,"17":1,"18":1,"19":1,"20":1,"21":1,"22":1,"23":1,"24":1,"25":1,"26":1,"27":1,"28":1,"29":0,"30":0,"31":0,"32":0,"33":0,"34":0,"35":0,"36":0,"37":0,"38":0,"39":0,"40":0,"41":1,"42":0,"43":0,"44":0,"45":0,"46":1},"f":{"0":1,"1":0,"2":0,"3":0,"4":0,"5":0,"6":0},"b":{"0":[0,0,0,0]},"inputSourceMap":null,"_coverageSchema":"1a1c01bbd47fc00a2c39e90264f33305004495a9","hash":"bc65c9356bfbc12570af58dfd9a3834873bf0ba3"}
,"/Users/mattdizon/Desktop/Ozone/src/screens/Login/service.js": {"path":"/Users/mattdizon/Desktop/Ozone/src/screens/Login/service.js","statementMap":{"0":{"start":{"line":1,"column":42},"end":{"line":1,"column":97}},"1":{"start":{"line":1,"column":98},"end":{"line":1,"column":160}},"2":{"start":{"line":1,"column":160},"end":{"line":1,"column":190}},"3":{"start":{"line":1,"column":209},"end":{"line":1,"column":270}},"4":{"start":{"line":1,"column":284},"end":{"line":1,"column":324}},"5":{"start":{"line":2,"column":17},"end":{"line":2,"column":57}},"6":{"start":{"line":3,"column":13},"end":{"line":3,"column":52}},"7":{"start":{"line":4,"column":19},"end":{"line":27,"column":121}},"8":{"start":{"line":4,"column":95},"end":{"line":27,"column":120}},"9":{"start":{"line":4,"column":163},"end":{"line":27,"column":86}},"10":{"start":{"line":4,"column":174},"end":{"line":27,"column":85}},"11":{"start":{"line":4,"column":221},"end":{"line":4,"column":239}},"12":{"start":{"line":4,"column":239},"end":{"line":4,"column":257}},"13":{"start":{"line":4,"column":257},"end":{"line":15,"column":57}},"14":{"start":{"line":15,"column":32},"end":{"line":15,"column":53}},"15":{"start":{"line":16,"column":10},"end":{"line":16,"column":55}},"16":{"start":{"line":17,"column":10},"end":{"line":17,"column":44}},"17":{"start":{"line":18,"column":10},"end":{"line":18,"column":32}},"18":{"start":{"line":18,"column":32},"end":{"line":22,"column":22}},"19":{"start":{"line":22,"column":29},"end":{"line":22,"column":47}},"20":{"start":{"line":22,"column":47},"end":{"line":22,"column":82}},"21":{"start":{"line":22,"column":82},"end":{"line":27,"column":42}},"22":{"start":{"line":27,"column":61},"end":{"line":27,"column":84}},"23":{"start":{"line":27,"column":122},"end":{"line":27,"column":158}}},"fnMap":{"0":{"name":"signInAction","decl":{"start":{"line":4,"column":28},"end":{"line":4,"column":40}},"loc":{"start":{"line":4,"column":58},"end":{"line":27,"column":121}},"line":4},"1":{"name":"signInAction$","decl":{"start":{"line":4,"column":138},"end":{"line":4,"column":151}},"loc":{"start":{"line":4,"column":162},"end":{"line":27,"column":87}},"line":4},"2":{"name":"(anonymous_2)","decl":{"start":{"line":15,"column":15},"end":{"line":15,"column":16}},"loc":{"start":{"line":15,"column":31},"end":{"line":15,"column":54}},"line":15}},"branchMap":{"0":{"loc":{"start":{"line":4,"column":174},"end":{"line":27,"column":85}},"type":"switch","locations":[{"start":{"line":4,"column":214},"end":{"line":15,"column":57}},{"start":{"line":15,"column":57},"end":{"line":22,"column":22}},{"start":{"line":22,"column":22},"end":{"line":27,"column":42}},{"start":{"line":27,"column":42},"end":{"line":27,"column":50}},{"start":{"line":27,"column":50},"end":{"line":27,"column":84}}],"line":4}},"s":{"0":1,"1":1,"2":1,"3":1,"4":1,"5":1,"6":1,"7":1,"8":0,"9":0,"10":0,"11":0,"12":0,"13":0,"14":0,"15":0,"16":0,"17":0,"18":0,"19":0,"20":0,"21":0,"22":0,"23":1},"f":{"0":0,"1":0,"2":0},"b":{"0":[0,0,0,0,0]},"inputSourceMap":null,"_coverageSchema":"1a1c01bbd47fc00a2c39e90264f33305004495a9","hash":"d267a0ed093a9f0c50c99f272a1b4ed3b0a5a004"}
,"/Users/mattdizon/Desktop/Ozone/src/screens/Login/styles.js": {"path":"/Users/mattdizon/Desktop/Ozone/src/screens/Login/styles.js","statementMap":{"0":{"start":{"line":1,"column":13},"end":{"line":1,"column":75}},"1":{"start":{"line":1,"column":75},"end":{"line":1,"column":104}},"2":{"start":{"line":1,"column":123},"end":{"line":1,"column":146}},"3":{"start":{"line":2,"column":18},"end":{"line":14,"column":32}},"4":{"start":{"line":14,"column":33},"end":{"line":14,"column":67}}},"fnMap":{},"branchMap":{},"s":{"0":1,"1":1,"2":1,"3":1,"4":1},"f":{},"b":{},"inputSourceMap":null,"_coverageSchema":"1a1c01bbd47fc00a2c39e90264f33305004495a9","hash":"8bd60e048571d01083da09fef07aa475999d1bd4"}
,"/Users/mattdizon/Desktop/Ozone/src/screens/SignUp/SignUp.js": {"path":"/Users/mattdizon/Desktop/Ozone/src/screens/SignUp/SignUp.js","statementMap":{"0":{"start":{"line":1,"column":42},"end":{"line":1,"column":97}},"1":{"start":{"line":1,"column":128},"end":{"line":1,"column":184}},"2":{"start":{"line":1,"column":185},"end":{"line":1,"column":247}},"3":{"start":{"line":1,"column":247},"end":{"line":1,"column":271}},"4":{"start":{"line":1,"column":290},"end":{"line":1,"column":351}},"5":{"start":{"line":1,"column":374},"end":{"line":1,"column":445}},"6":{"start":{"line":1,"column":459},"end":{"line":1,"column":500}},"7":{"start":{"line":2,"column":19},"end":{"line":2,"column":42}},"8":{"start":{"line":3,"column":24},"end":{"line":3,"column":53}},"9":{"start":{"line":4,"column":14},"end":{"line":4,"column":34}},"10":{"start":{"line":5,"column":15},"end":{"line":5,"column":41}},"11":{"start":{"line":6,"column":15},"end":{"line":6,"column":35}},"12":{"start":{"line":7,"column":19},"end":{"line":7,"column":56}},"13":{"start":{"line":8,"column":14},"end":{"line":8,"column":49}},"14":{"start":{"line":9,"column":14},"end":{"line":9,"column":51}},"15":{"start":{"line":9,"column":64},"end":{"line":9,"column":68}},"16":{"start":{"line":9,"column":84},"end":{"line":9,"column":145}},"17":{"start":{"line":10,"column":13},"end":{"line":54,"column":1}},"18":{"start":{"line":12,"column":2},"end":{"line":12,"column":26}},"19":{"start":{"line":12,"column":40},"end":{"line":12,"column":82}},"20":{"start":{"line":12,"column":91},"end":{"line":12,"column":104}},"21":{"start":{"line":12,"column":116},"end":{"line":12,"column":129}},"22":{"start":{"line":13,"column":2},"end":{"line":13,"column":26}},"23":{"start":{"line":13,"column":40},"end":{"line":13,"column":83}},"24":{"start":{"line":13,"column":95},"end":{"line":13,"column":108}},"25":{"start":{"line":13,"column":123},"end":{"line":13,"column":136}},"26":{"start":{"line":14,"column":19},"end":{"line":14,"column":47}},"27":{"start":{"line":15,"column":18},"end":{"line":15,"column":62}},"28":{"start":{"line":17,"column":15},"end":{"line":25,"column":126}},"29":{"start":{"line":17,"column":64},"end":{"line":25,"column":125}},"30":{"start":{"line":17,"column":126},"end":{"line":25,"column":95}},"31":{"start":{"line":17,"column":137},"end":{"line":25,"column":94}},"32":{"start":{"line":17,"column":184},"end":{"line":17,"column":202}},"33":{"start":{"line":17,"column":202},"end":{"line":18,"column":57}},"34":{"start":{"line":18,"column":64},"end":{"line":18,"column":91}},"35":{"start":{"line":19,"column":12},"end":{"line":19,"column":61}},"36":{"start":{"line":20,"column":12},"end":{"line":20,"column":51}},"37":{"start":{"line":21,"column":12},"end":{"line":21,"column":43}},"38":{"start":{"line":23,"column":12},"end":{"line":25,"column":52}},"39":{"start":{"line":25,"column":70},"end":{"line":25,"column":93}},"40":{"start":{"line":29,"column":2},"end":{"line":47,"column":165}},"41":{"start":{"line":35,"column":50},"end":{"line":35,"column":73}},"42":{"start":{"line":41,"column":53},"end":{"line":41,"column":82}},"43":{"start":{"line":46,"column":35},"end":{"line":46,"column":66}},"44":{"start":{"line":54,"column":2},"end":{"line":54,"column":26}}},"fnMap":{"0":{"name":"SignUp","decl":{"start":{"line":10,"column":22},"end":{"line":10,"column":28}},"loc":{"start":{"line":10,"column":31},"end":{"line":54,"column":1}},"line":10},"1":{"name":"signUp","decl":{"start":{"line":17,"column":24},"end":{"line":17,"column":30}},"loc":{"start":{"line":17,"column":48},"end":{"line":25,"column":126}},"line":17},"2":{"name":"signUp$","decl":{"start":{"line":17,"column":107},"end":{"line":17,"column":114}},"loc":{"start":{"line":17,"column":125},"end":{"line":25,"column":96}},"line":17},"3":{"name":"onChangeText","decl":{"start":{"line":35,"column":29},"end":{"line":35,"column":41}},"loc":{"start":{"line":35,"column":49},"end":{"line":35,"column":74}},"line":35},"4":{"name":"onChangeText","decl":{"start":{"line":41,"column":29},"end":{"line":41,"column":41}},"loc":{"start":{"line":41,"column":52},"end":{"line":41,"column":83}},"line":41},"5":{"name":"onPress","decl":{"start":{"line":46,"column":24},"end":{"line":46,"column":31}},"loc":{"start":{"line":46,"column":34},"end":{"line":46,"column":67}},"line":46}},"branchMap":{"0":{"loc":{"start":{"line":17,"column":137},"end":{"line":25,"column":94}},"type":"switch","locations":[{"start":{"line":17,"column":177},"end":{"line":18,"column":57}},{"start":{"line":18,"column":57},"end":{"line":25,"column":52}},{"start":{"line":25,"column":52},"end":{"line":25,"column":59}},{"start":{"line":25,"column":59},"end":{"line":25,"column":93}}],"line":17}},"s":{"0":1,"1":1,"2":1,"3":1,"4":1,"5":1,"6":1,"7":1,"8":1,"9":1,"10":1,"11":1,"12":1,"13":1,"14":1,"15":1,"16":1,"17":1,"18":0,"19":0,"20":0,"21":0,"22":0,"23":0,"24":0,"25":0,"26":0,"27":0,"28":0,"29":0,"30":0,"31":0,"32":0,"33":0,"34":0,"35":0,"36":0,"37":0,"38":0,"39":0,"40":0,"41":0,"42":0,"43":0,"44":1},"f":{"0":0,"1":0,"2":0,"3":0,"4":0,"5":0},"b":{"0":[0,0,0,0]},"inputSourceMap":null,"_coverageSchema":"1a1c01bbd47fc00a2c39e90264f33305004495a9","hash":"bdf0a14e676c2152f5db4e80ae01b985c2119eda"}
,"/Users/mattdizon/Desktop/Ozone/src/screens/SignUp/service.js": {"path":"/Users/mattdizon/Desktop/Ozone/src/screens/SignUp/service.js","statementMap":{"0":{"start":{"line":1,"column":42},"end":{"line":1,"column":97}},"1":{"start":{"line":1,"column":98},"end":{"line":1,"column":160}},"2":{"start":{"line":1,"column":160},"end":{"line":1,"column":190}},"3":{"start":{"line":1,"column":209},"end":{"line":1,"column":270}},"4":{"start":{"line":1,"column":284},"end":{"line":1,"column":324}},"5":{"start":{"line":2,"column":17},"end":{"line":2,"column":57}},"6":{"start":{"line":3,"column":13},"end":{"line":3,"column":52}},"7":{"start":{"line":5,"column":19},"end":{"line":29,"column":121}},"8":{"start":{"line":5,"column":96},"end":{"line":29,"column":120}},"9":{"start":{"line":5,"column":164},"end":{"line":29,"column":86}},"10":{"start":{"line":5,"column":175},"end":{"line":29,"column":85}},"11":{"start":{"line":5,"column":222},"end":{"line":5,"column":240}},"12":{"start":{"line":5,"column":240},"end":{"line":5,"column":258}},"13":{"start":{"line":5,"column":258},"end":{"line":17,"column":57}},"14":{"start":{"line":17,"column":32},"end":{"line":17,"column":53}},"15":{"start":{"line":18,"column":10},"end":{"line":18,"column":52}},"16":{"start":{"line":19,"column":10},"end":{"line":19,"column":41}},"17":{"start":{"line":20,"column":10},"end":{"line":20,"column":35}},"18":{"start":{"line":20,"column":35},"end":{"line":24,"column":24}},"19":{"start":{"line":24,"column":31},"end":{"line":24,"column":49}},"20":{"start":{"line":24,"column":49},"end":{"line":24,"column":84}},"21":{"start":{"line":24,"column":84},"end":{"line":29,"column":42}},"22":{"start":{"line":29,"column":61},"end":{"line":29,"column":84}},"23":{"start":{"line":29,"column":122},"end":{"line":29,"column":158}}},"fnMap":{"0":{"name":"signUpAction","decl":{"start":{"line":5,"column":28},"end":{"line":5,"column":40}},"loc":{"start":{"line":5,"column":58},"end":{"line":29,"column":121}},"line":5},"1":{"name":"signUpAction$","decl":{"start":{"line":5,"column":139},"end":{"line":5,"column":152}},"loc":{"start":{"line":5,"column":163},"end":{"line":29,"column":87}},"line":5},"2":{"name":"(anonymous_2)","decl":{"start":{"line":17,"column":15},"end":{"line":17,"column":16}},"loc":{"start":{"line":17,"column":31},"end":{"line":17,"column":54}},"line":17}},"branchMap":{"0":{"loc":{"start":{"line":5,"column":175},"end":{"line":29,"column":85}},"type":"switch","locations":[{"start":{"line":5,"column":215},"end":{"line":17,"column":57}},{"start":{"line":17,"column":57},"end":{"line":24,"column":24}},{"start":{"line":24,"column":24},"end":{"line":29,"column":42}},{"start":{"line":29,"column":42},"end":{"line":29,"column":50}},{"start":{"line":29,"column":50},"end":{"line":29,"column":84}}],"line":5}},"s":{"0":1,"1":1,"2":1,"3":1,"4":1,"5":1,"6":1,"7":1,"8":0,"9":0,"10":0,"11":0,"12":0,"13":0,"14":0,"15":0,"16":0,"17":0,"18":0,"19":0,"20":0,"21":0,"22":0,"23":1},"f":{"0":0,"1":0,"2":0},"b":{"0":[0,0,0,0,0]},"inputSourceMap":null,"_coverageSchema":"1a1c01bbd47fc00a2c39e90264f33305004495a9","hash":"6a6bde212c79b1f421864e8ea3fa87764640bbc3"}
,"/Users/mattdizon/Desktop/Ozone/src/stacks/IsAuth/IsAuth.js": {"path":"/Users/mattdizon/Desktop/Ozone/src/stacks/IsAuth/IsAuth.js","statementMap":{"0":{"start":{"line":1,"column":42},"end":{"line":1,"column":97}},"1":{"start":{"line":1,"column":98},"end":{"line":1,"column":160}},"2":{"start":{"line":1,"column":160},"end":{"line":1,"column":184}},"3":{"start":{"line":1,"column":197},"end":{"line":1,"column":237}},"4":{"start":{"line":2,"column":18},"end":{"line":2,"column":58}},"5":{"start":{"line":3,"column":19},"end":{"line":3,"column":48}},"6":{"start":{"line":4,"column":15},"end":{"line":4,"column":52}},"7":{"start":{"line":5,"column":13},"end":{"line":5,"column":49}},"8":{"start":{"line":5,"column":62},"end":{"line":5,"column":66}},"9":{"start":{"line":5,"column":82},"end":{"line":5,"column":142}},"10":{"start":{"line":7,"column":13},"end":{"line":29,"column":1}},"11":{"start":{"line":8,"column":12},"end":{"line":8,"column":55}},"12":{"start":{"line":9,"column":2},"end":{"line":25,"column":193}},"13":{"start":{"line":12,"column":63},"end":{"line":12,"column":73}},"14":{"start":{"line":12,"column":74},"end":{"line":21,"column":14}},"15":{"start":{"line":13,"column":64},"end":{"line":13,"column":77}},"16":{"start":{"line":13,"column":86},"end":{"line":13,"column":97}},"17":{"start":{"line":13,"column":105},"end":{"line":13,"column":115}},"18":{"start":{"line":14,"column":27},"end":{"line":14,"column":29}},"19":{"start":{"line":15,"column":12},"end":{"line":19,"column":13}},"20":{"start":{"line":16,"column":14},"end":{"line":16,"column":36}},"21":{"start":{"line":17,"column":19},"end":{"line":19,"column":13}},"22":{"start":{"line":18,"column":14},"end":{"line":18,"column":37}},"23":{"start":{"line":20,"column":12},"end":{"line":20,"column":217}},"24":{"start":{"line":29,"column":2},"end":{"line":29,"column":26}}},"fnMap":{"0":{"name":"IsAuth","decl":{"start":{"line":7,"column":22},"end":{"line":7,"column":28}},"loc":{"start":{"line":7,"column":31},"end":{"line":29,"column":1}},"line":7},"1":{"name":"screenOptions","decl":{"start":{"line":12,"column":30},"end":{"line":12,"column":43}},"loc":{"start":{"line":12,"column":50},"end":{"line":21,"column":15}},"line":12},"2":{"name":"tabBarIcon","decl":{"start":{"line":13,"column":31},"end":{"line":13,"column":41}},"loc":{"start":{"line":13,"column":49},"end":{"line":21,"column":11}},"line":13}},"branchMap":{"0":{"loc":{"start":{"line":15,"column":12},"end":{"line":19,"column":13}},"type":"if","locations":[{"start":{"line":15,"column":12},"end":{"line":19,"column":13}},{"start":{"line":15,"column":12},"end":{"line":19,"column":13}}],"line":15},"1":{"loc":{"start":{"line":17,"column":19},"end":{"line":19,"column":13}},"type":"if","locations":[{"start":{"line":17,"column":19},"end":{"line":19,"column":13}},{"start":{"line":17,"column":19},"end":{"line":19,"column":13}}],"line":17}},"s":{"0":1,"1":1,"2":1,"3":1,"4":1,"5":1,"6":1,"7":1,"8":1,"9":1,"10":1,"11":0,"12":0,"13":0,"14":0,"15":0,"16":0,"17":0,"18":0,"19":0,"20":0,"21":0,"22":0,"23":0,"24":1},"f":{"0":0,"1":0,"2":0},"b":{"0":[0,0],"1":[0,0]},"inputSourceMap":null,"_coverageSchema":"1a1c01bbd47fc00a2c39e90264f33305004495a9","hash":"31cba5844a50e57fcff3077e9e1fd8cd39e62d8f"}
,"/Users/mattdizon/Desktop/Ozone/src/utils/helpers/constants.js": {"path":"/Users/mattdizon/Desktop/Ozone/src/utils/helpers/constants.js","statementMap":{"0":{"start":{"line":1,"column":13},"end":{"line":1,"column":75}},"1":{"start":{"line":1,"column":75},"end":{"line":1,"column":188}},"2":{"start":{"line":1,"column":203},"end":{"line":1,"column":236}},"3":{"start":{"line":1,"column":237},"end":{"line":1,"column":265}},"4":{"start":{"line":2,"column":12},"end":{"line":2,"column":26}},"5":{"start":{"line":2,"column":27},"end":{"line":2,"column":49}},"6":{"start":{"line":3,"column":13},"end":{"line":3,"column":19}},"7":{"start":{"line":3,"column":20},"end":{"line":3,"column":44}},"8":{"start":{"line":4,"column":14},"end":{"line":4,"column":23}},"9":{"start":{"line":4,"column":24},"end":{"line":4,"column":50}},"10":{"start":{"line":5,"column":14},"end":{"line":5,"column":23}},"11":{"start":{"line":5,"column":24},"end":{"line":5,"column":50}},"12":{"start":{"line":6,"column":14},"end":{"line":6,"column":24}},"13":{"start":{"line":6,"column":25},"end":{"line":6,"column":51}}},"fnMap":{},"branchMap":{},"s":{"0":3,"1":3,"2":3,"3":3,"4":3,"5":3,"6":3,"7":3,"8":3,"9":3,"10":3,"11":3,"12":3,"13":3},"f":{},"b":{},"inputSourceMap":null,"_coverageSchema":"1a1c01bbd47fc00a2c39e90264f33305004495a9","hash":"c85a039226ae3b12880e9261f31aa05156cc64c5"}
,"/Users/mattdizon/Desktop/Ozone/src/utils/helpers/routes.js": {"path":"/Users/mattdizon/Desktop/Ozone/src/utils/helpers/routes.js","statementMap":{"0":{"start":{"line":1,"column":13},"end":{"line":1,"column":75}},"1":{"start":{"line":1,"column":75},"end":{"line":1,"column":132}},"2":{"start":{"line":1,"column":144},"end":{"line":1,"column":151}},"3":{"start":{"line":1,"column":152},"end":{"line":1,"column":174}},"4":{"start":{"line":2,"column":13},"end":{"line":2,"column":21}},"5":{"start":{"line":2,"column":22},"end":{"line":2,"column":46}},"6":{"start":{"line":3,"column":13},"end":{"line":3,"column":21}},"7":{"start":{"line":3,"column":22},"end":{"line":3,"column":46}}},"fnMap":{},"branchMap":{},"s":{"0":1,"1":1,"2":1,"3":1,"4":1,"5":1,"6":1,"7":1},"f":{},"b":{},"inputSourceMap":null,"_coverageSchema":"1a1c01bbd47fc00a2c39e90264f33305004495a9","hash":"0de19e229638d2c4aadb62e4edff624cb5d01cfb"}
}
