{"/Users/mattdizon/Desktop/Ozone/src/components/Alert/Alert.js": {"path":"/Users/mattdizon/Desktop/Ozone/src/components/Alert/Alert.js","statementMap":{"0":{"start":{"line":1,"column":42},"end":{"line":1,"column":97}},"1":{"start":{"line":1,"column":98},"end":{"line":1,"column":160}},"2":{"start":{"line":1,"column":160},"end":{"line":1,"column":198}},"3":{"start":{"line":1,"column":211},"end":{"line":1,"column":251}},"4":{"start":{"line":2,"column":19},"end":{"line":2,"column":42}},"5":{"start":{"line":4,"column":27},"end":{"line":11,"column":29}},"6":{"start":{"line":4,"column":76},"end":{"line":4,"column":86}},"7":{"start":{"line":4,"column":87},"end":{"line":11,"column":28}},"8":{"start":{"line":9,"column":47},"end":{"line":9,"column":80}},"9":{"start":{"line":11,"column":30},"end":{"line":11,"column":82}}},"fnMap":{"0":{"name":"createTwoButtonAlert","decl":{"start":{"line":4,"column":36},"end":{"line":4,"column":56}},"loc":{"start":{"line":4,"column":63},"end":{"line":11,"column":29}},"line":4},"1":{"name":"onPress","decl":{"start":{"line":9,"column":36},"end":{"line":9,"column":43}},"loc":{"start":{"line":9,"column":46},"end":{"line":9,"column":81}},"line":9}},"branchMap":{},"s":{"0":1,"1":1,"2":1,"3":1,"4":1,"5":1,"6":0,"7":0,"8":0,"9":1},"f":{"0":0,"1":0},"b":{},"inputSourceMap":null,"_coverageSchema":"1a1c01bbd47fc00a2c39e90264f33305004495a9","hash":"162b6b0053cf34f65f154014be3208e6a766a539"}
}
