TN:
SF:src/screens/SignUp/SignUp.js
FN:10,SignUp
FN:17,signUp
FN:17,signUp$
FN:35,onChangeText
FN:41,onChangeText
FN:46,onPress
FNF:6
FNH:1
FNDA:1,SignUp
FNDA:0,signUp
FNDA:0,signUp$
FNDA:0,onChangeText
FNDA:0,onChangeText
FNDA:0,onPress
DA:1,1
DA:2,1
DA:3,1
DA:4,1
DA:5,1
DA:6,1
DA:7,1
DA:8,1
DA:9,1
DA:10,1
DA:12,1
DA:13,1
DA:14,1
DA:15,1
DA:17,1
DA:18,0
DA:19,0
DA:20,0
DA:21,0
DA:23,0
DA:25,0
DA:29,1
DA:35,0
DA:41,0
DA:46,0
DA:54,1
LF:26
LH:17
BRDA:17,0,0,0
BRDA:17,0,1,0
BRDA:17,0,2,0
BRDA:17,0,3,0
BRF:4
BRH:0
end_of_record
