TN:
SF:App.js
FN:5,App
FNF:1
FNH:1
FNDA:1,App
DA:1,1
DA:2,1
DA:3,1
DA:4,1
DA:6,1
DA:12,1
LF:6
LH:6
BRF:0
BRH:0
end_of_record
TN:
SF:src/components/SurveyCard.js
FN:12,SurveyCard
FNF:1
FNH:0
FNDA:0,SurveyCard
DA:1,2
DA:2,2
DA:14,0
DA:15,0
DA:21,0
DA:22,0
LF:6
LH:2
BRF:0
BRH:0
end_of_record
TN:
SF:src/components/Alert/Alert.js
FN:4,createTwoButtonAlert
FN:9,onPress
FNF:2
FNH:0
FNDA:0,createTwoButtonAlert
FNDA:0,onPress
DA:1,2
DA:2,2
DA:4,2
DA:9,0
DA:11,2
LF:5
LH:4
BRF:0
BRH:0
end_of_record
TN:
SF:src/navigation/Navigation.js
FN:13,Navigation
FN:18,signOut
FN:18,signOut$
FN:44,headerLeft
FN:45,onPress
FNF:5
FNH:1
FNDA:1,Navigation
FNDA:0,signOut
FNDA:0,signOut$
FNDA:0,headerLeft
FNDA:0,onPress
DA:1,1
DA:2,1
DA:3,1
DA:4,1
DA:5,1
DA:6,1
DA:7,1
DA:8,1
DA:9,1
DA:10,1
DA:11,1
DA:12,1
DA:13,1
DA:15,1
DA:16,1
DA:18,1
DA:27,0
DA:29,1
DA:44,0
DA:45,0
DA:54,1
LF:21
LH:18
BRDA:18,0,0,0
BRDA:18,0,1,0
BRDA:18,0,2,0
BRDA:18,0,3,0
BRF:4
BRH:0
end_of_record
TN:
SF:src/navigation/RootNavigation.js
FN:6,RootNavigation
FNF:1
FNH:0
FNDA:0,RootNavigation
DA:1,1
DA:2,1
DA:4,1
DA:6,1
DA:7,0
DA:11,1
LF:6
LH:5
BRDA:7,0,0,0
BRDA:7,0,1,0
BRF:2
BRH:0
end_of_record
TN:
SF:src/provider/AppProvider.js
FN:5,setMe
FN:7,setAccessToken
FN:9,setClient
FN:12,setUid
FN:13,setCompletedSurveys
FN:15,setIncompleteSurveys
FN:17,setCoupons
FN:22,Provider
FNF:8
FNH:1
FNDA:0,setMe
FNDA:0,setAccessToken
FNDA:0,setClient
FNDA:0,setUid
FNDA:0,setCompletedSurveys
FNDA:0,setIncompleteSurveys
FNDA:0,setCoupons
FNDA:1,Provider
DA:1,4
DA:3,4
DA:20,4
DA:22,4
DA:24,1
DA:25,1
DA:26,1
DA:27,1
DA:28,1
DA:29,1
DA:30,1
DA:32,1
DA:56,4
LF:13
LH:13
BRF:0
BRH:0
end_of_record
TN:
SF:src/screens/styles.js
FNF:0
FNH:0
DA:1,2
DA:2,2
DA:8,2
LF:3
LH:3
BRF:0
BRH:0
end_of_record
TN:
SF:src/screens/Deals/Deals.js
FN:8,Deals
FN:12,getData
FN:12,getData$
FN:20,(anonymous_3)
FN:25,renderCoupon
FN:35,keyExtractor
FNF:6
FNH:1
FNDA:1,Deals
FNDA:0,getData
FNDA:0,getData$
FNDA:0,(anonymous_3)
FNDA:0,renderCoupon
FNDA:0,keyExtractor
DA:1,2
DA:2,2
DA:3,2
DA:4,2
DA:5,2
DA:6,2
DA:8,2
DA:9,1
DA:10,1
DA:12,1
DA:13,0
DA:14,0
DA:15,0
DA:16,0
DA:20,1
DA:21,0
DA:22,0
DA:25,1
DA:27,1
DA:35,0
DA:40,2
LF:21
LH:14
BRDA:12,0,0,0
BRDA:12,0,1,0
BRDA:12,0,2,0
BRDA:12,0,3,0
BRDA:13,1,0,0
BRDA:13,1,1,0
BRDA:28,2,0,1
BRDA:28,2,1,1
BRF:8
BRH:2
end_of_record
TN:
SF:src/screens/Deals/services.js
FN:2,getDeals
FN:2,getDeals$
FN:14,(anonymous_2)
FNF:3
FNH:0
FNDA:0,getDeals
FNDA:0,getDeals$
FNDA:0,(anonymous_2)
DA:1,2
DA:2,2
DA:14,0
DA:15,0
DA:16,0
DA:18,2
LF:6
LH:3
BRDA:2,0,0,0
BRDA:2,0,1,0
BRDA:2,0,2,0
BRDA:2,0,3,0
BRDA:2,0,4,0
BRF:5
BRH:0
end_of_record
TN:
SF:src/screens/Deals/components/Coupon.js
FN:15,Coupon
FNF:1
FNH:0
FNDA:0,Coupon
DA:1,2
DA:2,2
DA:17,0
DA:18,0
DA:25,0
DA:26,0
LF:6
LH:2
BRF:0
BRH:0
end_of_record
TN:
SF:src/screens/Earn/Surveys.js
FN:7,Surveys
FN:12,getData
FN:12,getData$
FN:22,(anonymous_3)
FN:27,renderSurveyCard
FN:36,keyExtractor
FNF:6
FNH:1
FNDA:1,Surveys
FNDA:0,getData
FNDA:0,getData$
FNDA:0,(anonymous_3)
FNDA:0,renderSurveyCard
FNDA:0,keyExtractor
DA:1,2
DA:2,2
DA:3,2
DA:4,2
DA:5,2
DA:6,2
DA:7,2
DA:8,1
DA:9,1
DA:12,1
DA:13,0
DA:14,0
DA:15,0
DA:16,0
DA:17,0
DA:18,0
DA:22,1
DA:23,0
DA:24,0
DA:27,1
DA:29,1
DA:36,0
DA:41,2
LF:23
LH:14
BRDA:12,0,0,0
BRDA:12,0,1,0
BRDA:12,0,2,0
BRDA:12,0,3,0
BRDA:14,1,0,0
BRDA:14,1,1,0
BRDA:15,2,0,0
BRDA:15,2,1,0
BRF:8
BRH:0
end_of_record
TN:
SF:src/screens/Earn/services.js
FN:3,getSurveys
FN:3,getSurveys$
FN:15,(anonymous_2)
FNF:3
FNH:0
FNDA:0,getSurveys
FNDA:0,getSurveys$
FNDA:0,(anonymous_2)
DA:1,2
DA:2,2
DA:3,2
DA:15,0
DA:16,0
DA:17,0
DA:20,0
DA:23,2
LF:8
LH:4
BRDA:3,0,0,0
BRDA:3,0,1,0
BRDA:3,0,2,0
BRDA:3,0,3,0
BRDA:3,0,4,0
BRF:5
BRH:0
end_of_record
TN:
SF:src/screens/Login/Login.js
FN:11,Login
FN:18,signIn
FN:18,signIn$
FN:37,onChangeText
FN:43,onChangeText
FN:48,onPress
FN:52,onPress
FNF:7
FNH:1
FNDA:2,Login
FNDA:0,signIn
FNDA:0,signIn$
FNDA:0,onChangeText
FNDA:0,onChangeText
FNDA:0,onPress
FNDA:0,onPress
DA:1,2
DA:2,2
DA:3,2
DA:4,2
DA:5,2
DA:6,2
DA:7,2
DA:8,2
DA:9,2
DA:11,2
DA:13,2
DA:14,2
DA:15,2
DA:16,2
DA:18,2
DA:19,0
DA:21,0
DA:22,0
DA:23,0
DA:24,0
DA:26,0
DA:28,0
DA:31,2
DA:37,0
DA:43,0
DA:48,0
DA:53,0
DA:62,2
LF:28
LH:17
BRDA:18,0,0,0
BRDA:18,0,1,0
BRDA:18,0,2,0
BRDA:18,0,3,0
BRF:4
BRH:0
end_of_record
TN:
SF:src/screens/Login/service.js
FN:4,signInAction
FN:4,signInAction$
FN:15,(anonymous_2)
FNF:3
FNH:0
FNDA:0,signInAction
FNDA:0,signInAction$
FNDA:0,(anonymous_2)
DA:1,2
DA:2,2
DA:3,2
DA:4,2
DA:15,0
DA:16,0
DA:17,0
DA:18,0
DA:22,0
DA:27,2
LF:10
LH:5
BRDA:4,0,0,0
BRDA:4,0,1,0
BRDA:4,0,2,0
BRDA:4,0,3,0
BRDA:4,0,4,0
BRF:5
BRH:0
end_of_record
TN:
SF:src/screens/Login/styles.js
FNF:0
FNH:0
DA:1,2
DA:2,2
DA:14,2
LF:3
LH:3
BRF:0
BRH:0
end_of_record
TN:
SF:src/screens/SignUp/SignUp.js
FN:10,SignUp
FN:17,signUp
FN:17,signUp$
FN:35,onChangeText
FN:41,onChangeText
FN:46,onPress
FNF:6
FNH:0
FNDA:0,SignUp
FNDA:0,signUp
FNDA:0,signUp$
FNDA:0,onChangeText
FNDA:0,onChangeText
FNDA:0,onPress
DA:1,1
DA:2,1
DA:3,1
DA:4,1
DA:5,1
DA:6,1
DA:7,1
DA:8,1
DA:9,1
DA:10,1
DA:12,0
DA:13,0
DA:14,0
DA:15,0
DA:17,0
DA:18,0
DA:19,0
DA:20,0
DA:21,0
DA:23,0
DA:25,0
DA:29,0
DA:35,0
DA:41,0
DA:46,0
DA:54,1
LF:26
LH:11
BRDA:17,0,0,0
BRDA:17,0,1,0
BRDA:17,0,2,0
BRDA:17,0,3,0
BRF:4
BRH:0
end_of_record
TN:
SF:src/screens/SignUp/service.js
FN:5,signUpAction
FN:5,signUpAction$
FN:17,(anonymous_2)
FNF:3
FNH:0
FNDA:0,signUpAction
FNDA:0,signUpAction$
FNDA:0,(anonymous_2)
DA:1,1
DA:2,1
DA:3,1
DA:5,1
DA:17,0
DA:18,0
DA:19,0
DA:20,0
DA:24,0
DA:29,1
LF:10
LH:5
BRDA:5,0,0,0
BRDA:5,0,1,0
BRDA:5,0,2,0
BRDA:5,0,3,0
BRDA:5,0,4,0
BRF:5
BRH:0
end_of_record
TN:
SF:src/stacks/IsAuth/IsAuth.js
FN:7,IsAuth
FN:12,screenOptions
FN:13,tabBarIcon
FNF:3
FNH:0
FNDA:0,IsAuth
FNDA:0,screenOptions
FNDA:0,tabBarIcon
DA:1,1
DA:2,1
DA:3,1
DA:4,1
DA:5,1
DA:7,1
DA:8,0
DA:9,0
DA:12,0
DA:13,0
DA:14,0
DA:15,0
DA:16,0
DA:17,0
DA:18,0
DA:20,0
DA:29,1
LF:17
LH:7
BRDA:15,0,0,0
BRDA:15,0,1,0
BRDA:17,1,0,0
BRDA:17,1,1,0
BRF:4
BRH:0
end_of_record
TN:
SF:src/utils/helpers/constants.js
FNF:0
FNH:0
DA:1,4
DA:2,4
DA:3,4
DA:4,4
DA:5,4
DA:6,4
LF:6
LH:6
BRF:0
BRH:0
end_of_record
TN:
SF:src/utils/helpers/routes.js
FNF:0
FNH:0
DA:1,2
DA:2,2
DA:3,2
LF:3
LH:3
BRF:0
BRH:0
end_of_record
